[2025-09-18 18:20:33Z INFO HostContext] No proxy settings were found based on environmental variables (http_proxy/https_proxy/HTTP_PROXY/HTTPS_PROXY)
[2025-09-18 18:20:33Z INFO HostContext] Well known directory 'Bin': '/actions-runner/bin'
[2025-09-18 18:20:33Z INFO HostContext] Well known directory 'Root': '/actions-runner'
[2025-09-18 18:20:33Z INFO HostContext] Well known config file 'Credentials': '/actions-runner/.credentials'
[2025-09-18 18:20:33Z INFO HostContext] Well known directory 'Bin': '/actions-runner/bin'
[2025-09-18 18:20:33Z INFO HostContext] Well known directory 'Root': '/actions-runner'
[2025-09-18 18:20:33Z INFO HostContext] Well known config file 'Runner': '/actions-runner/.runner'
[2025-09-18 18:20:33Z INFO Listener] Runner is built for Linux (Arm64) - linux-arm64.
[2025-09-18 18:20:33Z INFO Listener] RuntimeInformation: Ubuntu 20.04.6 LTS.
[2025-09-18 18:20:33Z INFO Listener] Version: 2.328.0
[2025-09-18 18:20:33Z INFO Listener] Commit: 6f9a9110adce65f44ca6f7c0ae142b9cc6af937b
[2025-09-18 18:20:33Z INFO Listener] Culture: en-US
[2025-09-18 18:20:33Z INFO Listener] UI Culture: en-US
[2025-09-18 18:20:33Z INFO HostContext] Well known directory 'Bin': '/actions-runner/bin'
[2025-09-18 18:20:33Z INFO HostContext] Well known directory 'Root': '/actions-runner'
[2025-09-18 18:20:33Z INFO Listener] Validating directory permissions for: '/actions-runner'
[2025-09-18 18:20:33Z INFO CommandLineParser] Parse
[2025-09-18 18:20:33Z INFO CommandLineParser] Parsing 15 args
[2025-09-18 18:20:33Z INFO CommandLineParser] parsing argument
[2025-09-18 18:20:33Z INFO CommandLineParser] HasArgs: False
[2025-09-18 18:20:33Z INFO CommandLineParser] Adding Command: configure
[2025-09-18 18:20:33Z INFO CommandLineParser] parsing argument
[2025-09-18 18:20:33Z INFO CommandLineParser] HasArgs: True
[2025-09-18 18:20:33Z INFO CommandLineParser] arg: url
[2025-09-18 18:20:33Z INFO CommandLineParser] parsing argument
[2025-09-18 18:20:33Z INFO CommandLineParser] HasArgs: True
[2025-09-18 18:20:33Z INFO CommandLineParser] Adding option 'url': 'https://github.com/kenlasko/pangolin'
[2025-09-18 18:20:33Z INFO CommandLineParser] parsing argument
[2025-09-18 18:20:33Z INFO CommandLineParser] HasArgs: True
[2025-09-18 18:20:33Z INFO CommandLineParser] arg: token
[2025-09-18 18:20:33Z INFO CommandLineParser] parsing argument
[2025-09-18 18:20:33Z INFO CommandLineParser] HasArgs: True
[2025-09-18 18:20:33Z INFO CommandLineParser] Adding option 'token': '***'
[2025-09-18 18:20:33Z INFO CommandLineParser] parsing argument
[2025-09-18 18:20:33Z INFO CommandLineParser] HasArgs: True
[2025-09-18 18:20:33Z INFO CommandLineParser] arg: name
[2025-09-18 18:20:33Z INFO CommandLineParser] parsing argument
[2025-09-18 18:20:33Z INFO CommandLineParser] HasArgs: True
[2025-09-18 18:20:33Z INFO CommandLineParser] Adding option 'name': 'github-runner-l3QxZgSWCGTGa'
[2025-09-18 18:20:33Z INFO CommandLineParser] parsing argument
[2025-09-18 18:20:33Z INFO CommandLineParser] HasArgs: True
[2025-09-18 18:20:33Z INFO CommandLineParser] arg: work
[2025-09-18 18:20:33Z INFO CommandLineParser] parsing argument
[2025-09-18 18:20:33Z INFO CommandLineParser] HasArgs: True
[2025-09-18 18:20:33Z INFO CommandLineParser] Adding option 'work': '/_work/github-runner-l3QxZgSWCGTGa'
[2025-09-18 18:20:33Z INFO CommandLineParser] parsing argument
[2025-09-18 18:20:33Z INFO CommandLineParser] HasArgs: True
[2025-09-18 18:20:33Z INFO CommandLineParser] arg: labels
[2025-09-18 18:20:33Z INFO CommandLineParser] parsing argument
[2025-09-18 18:20:33Z INFO CommandLineParser] HasArgs: True
[2025-09-18 18:20:33Z INFO CommandLineParser] Adding option 'labels': 'default'
[2025-09-18 18:20:33Z INFO CommandLineParser] parsing argument
[2025-09-18 18:20:33Z INFO CommandLineParser] HasArgs: True
[2025-09-18 18:20:33Z INFO CommandLineParser] arg: runnergroup
[2025-09-18 18:20:33Z INFO CommandLineParser] parsing argument
[2025-09-18 18:20:33Z INFO CommandLineParser] HasArgs: True
[2025-09-18 18:20:33Z INFO CommandLineParser] Adding option 'runnergroup': 'Default'
[2025-09-18 18:20:33Z INFO CommandLineParser] parsing argument
[2025-09-18 18:20:33Z INFO CommandLineParser] HasArgs: True
[2025-09-18 18:20:33Z INFO CommandLineParser] arg: unattended
[2025-09-18 18:20:33Z INFO CommandLineParser] parsing argument
[2025-09-18 18:20:33Z INFO CommandLineParser] HasArgs: True
[2025-09-18 18:20:33Z INFO CommandLineParser] arg: replace
[2025-09-18 18:20:33Z INFO CommandLineParser] Adding flag: unattended
[2025-09-18 18:20:33Z INFO Listener] Arguments parsed
[2025-09-18 18:20:33Z INFO Runner] ExecuteCommand
[2025-09-18 18:20:33Z INFO ConfigurationStore] currentAssemblyLocation: /actions-runner/bin/Runner.Listener.dll
[2025-09-18 18:20:33Z INFO HostContext] Well known directory 'Bin': '/actions-runner/bin'
[2025-09-18 18:20:33Z INFO ConfigurationStore] binPath: /actions-runner/bin
[2025-09-18 18:20:33Z INFO HostContext] Well known directory 'Bin': '/actions-runner/bin'
[2025-09-18 18:20:33Z INFO HostContext] Well known directory 'Root': '/actions-runner'
[2025-09-18 18:20:33Z INFO ConfigurationStore] RootFolder: /actions-runner
[2025-09-18 18:20:33Z INFO HostContext] Well known directory 'Bin': '/actions-runner/bin'
[2025-09-18 18:20:33Z INFO HostContext] Well known directory 'Root': '/actions-runner'
[2025-09-18 18:20:33Z INFO HostContext] Well known config file 'Runner': '/actions-runner/.runner'
[2025-09-18 18:20:33Z INFO ConfigurationStore] ConfigFilePath: /actions-runner/.runner
[2025-09-18 18:20:33Z INFO HostContext] Well known directory 'Bin': '/actions-runner/bin'
[2025-09-18 18:20:33Z INFO HostContext] Well known directory 'Root': '/actions-runner'
[2025-09-18 18:20:33Z INFO HostContext] Well known config file 'MigratedRunner': '/actions-runner/.runner_migrated'
[2025-09-18 18:20:33Z INFO ConfigurationStore] MigratedConfigFilePath: /actions-runner/.runner_migrated
[2025-09-18 18:20:33Z INFO HostContext] Well known directory 'Bin': '/actions-runner/bin'
[2025-09-18 18:20:33Z INFO HostContext] Well known directory 'Root': '/actions-runner'
[2025-09-18 18:20:33Z INFO HostContext] Well known config file 'Credentials': '/actions-runner/.credentials'
[2025-09-18 18:20:33Z INFO ConfigurationStore] CredFilePath: /actions-runner/.credentials
[2025-09-18 18:20:33Z INFO HostContext] Well known directory 'Bin': '/actions-runner/bin'
[2025-09-18 18:20:33Z INFO HostContext] Well known directory 'Root': '/actions-runner'
[2025-09-18 18:20:33Z INFO HostContext] Well known config file 'MigratedCredentials': '/actions-runner/.credentials_migrated'
[2025-09-18 18:20:33Z INFO ConfigurationStore] MigratedCredFilePath: /actions-runner/.credentials_migrated
[2025-09-18 18:20:33Z INFO HostContext] Well known directory 'Bin': '/actions-runner/bin'
[2025-09-18 18:20:33Z INFO HostContext] Well known directory 'Root': '/actions-runner'
[2025-09-18 18:20:33Z INFO HostContext] Well known config file 'Service': '/actions-runner/.service'
[2025-09-18 18:20:33Z INFO ConfigurationStore] ServiceConfigFilePath: /actions-runner/.service
[2025-09-18 18:20:33Z INFO CommandSettings] Flag 'help': 'False'
[2025-09-18 18:20:33Z INFO CommandSettings] Flag 'version': 'False'
[2025-09-18 18:20:33Z INFO CommandSettings] Flag 'commit': 'False'
[2025-09-18 18:20:33Z INFO CommandSettings] Flag 'check': 'False'
[2025-09-18 18:20:33Z INFO CommandSettings] Command 'configure': 'True'
[2025-09-18 18:20:33Z INFO Terminal] WRITE LINE: 
[2025-09-18 18:20:33Z INFO Terminal] WRITE LINE: --------------------------------------------------------------------------------
[2025-09-18 18:20:33Z INFO Terminal] WRITE LINE: |        ____ _ _   _   _       _          _        _   _                      |
[2025-09-18 18:20:33Z INFO Terminal] WRITE LINE: |       / ___(_) |_| | | |_   _| |__      / \   ___| |_(_) ___  _ __  ___      |
[2025-09-18 18:20:33Z INFO Terminal] WRITE LINE: |      | |  _| | __| |_| | | | | '_ \    / _ \ / __| __| |/ _ \| '_ \/ __|     |
[2025-09-18 18:20:33Z INFO Terminal] WRITE LINE: |      | |_| | | |_|  _  | |_| | |_) |  / ___ \ (__| |_| | (_) | | | \__ \     |
[2025-09-18 18:20:33Z INFO Terminal] WRITE LINE: |       \____|_|\__|_| |_|\__,_|_.__/  /_/   \_\___|\__|_|\___/|_| |_|___/     |
[2025-09-18 18:20:33Z INFO Terminal] WRITE LINE: |                                                                              |
[2025-09-18 18:20:33Z INFO Terminal] WRITE: |                       
[2025-09-18 18:20:33Z INFO Terminal] WRITE: Self-hosted runner registration
[2025-09-18 18:20:33Z INFO Terminal] WRITE LINE:                         |
[2025-09-18 18:20:33Z INFO Terminal] WRITE LINE: |                                                                              |
[2025-09-18 18:20:33Z INFO Terminal] WRITE LINE: --------------------------------------------------------------------------------
[2025-09-18 18:20:33Z INFO ConfigurationManager] ConfigureAsync
[2025-09-18 18:20:33Z INFO CommandSettings] Flag 'generateServiceConfig': 'False'
[2025-09-18 18:20:33Z INFO ConfigurationStore] IsConfigured()
[2025-09-18 18:20:33Z INFO ConfigurationStore] IsConfigured: False
[2025-09-18 18:20:33Z INFO ConfigurationManager] Is configured: False
[2025-09-18 18:20:33Z INFO CommandSettings] Arg 'url': 'https://github.com/kenlasko/pangolin'
[2025-09-18 18:20:33Z INFO CommandSettings] Remove url from Arg dictionary.
[2025-09-18 18:20:33Z INFO CommandSettings] Arg 'token': '***'
[2025-09-18 18:20:33Z INFO CommandSettings] Remove token from Arg dictionary.
[2025-09-18 18:20:33Z INFO ConfigurationManager] Http response code: OK from 'POST https://api.github.com/actions/runner-registration' (D1BC:E7963:80928:1C9928:68CC4D71)
[2025-09-18 18:20:34Z INFO ConfigurationManager] Using V2 flow: False
[2025-09-18 18:20:34Z INFO ConfigurationManager] cred retrieved via GitHub auth
[2025-09-18 18:20:34Z INFO RunnerServer] EstablishVssConnection
[2025-09-18 18:20:34Z INFO RunnerServer] Establish connection with 100 seconds timeout.
[2025-09-18 18:20:34Z INFO GitHubActionsService] Starting operation Location.GetConnectionData
[2025-09-18 18:20:34Z INFO RunnerServer] EstablishVssConnection
[2025-09-18 18:20:34Z INFO RunnerServer] Establish connection with 60 seconds timeout.
[2025-09-18 18:20:34Z INFO GitHubActionsService] Starting operation Location.GetConnectionData
[2025-09-18 18:20:34Z INFO RunnerServer] EstablishVssConnection
[2025-09-18 18:20:34Z INFO RunnerServer] Establish connection with 60 seconds timeout.
[2025-09-18 18:20:34Z INFO GitHubActionsService] Starting operation Location.GetConnectionData
[2025-09-18 18:20:34Z INFO GitHubActionsService] Finished operation Location.GetConnectionData
[2025-09-18 18:20:34Z INFO GitHubActionsService] Finished operation Location.GetConnectionData
[2025-09-18 18:20:34Z INFO GitHubActionsService] Finished operation Location.GetConnectionData
[2025-09-18 18:20:34Z INFO Terminal] WRITE LINE: 
[2025-09-18 18:20:34Z INFO ConfigurationManager] Test Connection complete.
[2025-09-18 18:20:34Z INFO HostContext] Well known directory 'Bin': '/actions-runner/bin'
[2025-09-18 18:20:34Z INFO HostContext] Well known directory 'Root': '/actions-runner'
[2025-09-18 18:20:34Z INFO HostContext] Well known config file 'RSACredentials': '/actions-runner/.credentials_rsaparams'
[2025-09-18 18:20:34Z INFO RSAFileKeyManager] Creating new RSA key using 2048-bit key length
[2025-09-18 18:20:34Z INFO RSAFileKeyManager] Successfully saved RSA key parameters to file /actions-runner/.credentials_rsaparams
[2025-09-18 18:20:34Z INFO RSAFileKeyManager] Which2: 'chmod'
[2025-09-18 18:20:34Z INFO RSAFileKeyManager] Location: '/usr/bin/chmod'
[2025-09-18 18:20:34Z INFO HostContext] Well known directory 'Bin': '/actions-runner/bin'
[2025-09-18 18:20:34Z INFO HostContext] Well known directory 'Root': '/actions-runner'
[2025-09-18 18:20:34Z INFO ProcessInvokerWrapper] Starting process:
[2025-09-18 18:20:34Z INFO ProcessInvokerWrapper]   File name: '/usr/bin/chmod'
[2025-09-18 18:20:34Z INFO ProcessInvokerWrapper]   Arguments: '600 /actions-runner/.credentials_rsaparams'
[2025-09-18 18:20:34Z INFO ProcessInvokerWrapper]   Working directory: '/actions-runner'
[2025-09-18 18:20:34Z INFO ProcessInvokerWrapper]   Require exit code zero: 'False'
[2025-09-18 18:20:34Z INFO ProcessInvokerWrapper]   Encoding web name:  ; code page: ''
[2025-09-18 18:20:34Z INFO ProcessInvokerWrapper]   Force kill process on cancellation: 'False'
[2025-09-18 18:20:34Z INFO ProcessInvokerWrapper]   Redirected STDIN: 'False'
[2025-09-18 18:20:34Z INFO ProcessInvokerWrapper]   Persist current code page: 'False'
[2025-09-18 18:20:34Z INFO ProcessInvokerWrapper]   Keep redirected STDIN open: 'False'
[2025-09-18 18:20:34Z INFO ProcessInvokerWrapper]   High priority process: 'False'
[2025-09-18 18:20:34Z INFO ProcessInvokerWrapper] Process started with process id 63, waiting for process exit.
[2025-09-18 18:20:34Z INFO ProcessInvokerWrapper] STDOUT/STDERR stream read finished.
[2025-09-18 18:20:34Z INFO ProcessInvokerWrapper] STDOUT/STDERR stream read finished.
[2025-09-18 18:20:34Z INFO ProcessInvokerWrapper] Finished process 63 with exit code 0, and elapsed time 00:00:00.0105981.
[2025-09-18 18:20:34Z INFO RSAFileKeyManager] Successfully set permissions for RSA key parameters file /actions-runner/.credentials_rsaparams
[2025-09-18 18:20:34Z INFO CommandSettings] Arg 'runnergroup': 'Default'
[2025-09-18 18:20:34Z INFO CommandSettings] Remove runnergroup from Arg dictionary.
[2025-09-18 18:20:34Z INFO Terminal] WRITE LINE: 
[2025-09-18 18:20:34Z INFO ConfigurationManager] Found a self-hosted runner group with id 1 and name Default
[2025-09-18 18:20:34Z INFO CommandSettings] Flag 'disableupdate': 'False'
[2025-09-18 18:20:34Z INFO CommandSettings] Flag 'ephemeral': 'False'
[2025-09-18 18:20:34Z INFO CommandSettings] Arg 'name': 'github-runner-l3QxZgSWCGTGa'
[2025-09-18 18:20:34Z INFO CommandSettings] Remove name from Arg dictionary.
[2025-09-18 18:20:34Z INFO Terminal] WRITE LINE: 
[2025-09-18 18:20:34Z INFO CommandSettings] Arg 'labels': 'default'
[2025-09-18 18:20:34Z INFO CommandSettings] Remove labels from Arg dictionary.
[2025-09-18 18:20:34Z INFO Terminal] WRITE LINE: 
[2025-09-18 18:20:35Z INFO CommandSettings] Flag 'disableupdate': 'False'
[2025-09-18 18:20:35Z INFO CommandSettings] Flag 'no-default-labels': 'False'
[2025-09-18 18:20:35Z INFO CommandSettings] Flag 'disableupdate': 'False'
[2025-09-18 18:20:35Z INFO CommandSettings] Flag 'ephemeral': 'False'
[2025-09-18 18:20:35Z INFO ConfigurationStore] Saving OAuth credential @ /actions-runner/.credentials
[2025-09-18 18:20:35Z INFO ConfigurationStore] Credentials Saved.
[2025-09-18 18:20:35Z INFO ConfigurationStore] HasCredentials()
[2025-09-18 18:20:35Z INFO ConfigurationStore] stored True
[2025-09-18 18:20:35Z INFO CredentialManager] GetCredentialProvider
[2025-09-18 18:20:35Z INFO CredentialManager] Creating type OAuth
[2025-09-18 18:20:35Z INFO CredentialManager] Creating credential type: OAuth
[2025-09-18 18:20:35Z INFO RSAFileKeyManager] Loading RSA key parameters from file /actions-runner/.credentials_rsaparams
[2025-09-18 18:20:35Z INFO RunnerServer] EstablishVssConnection
[2025-09-18 18:20:35Z INFO RunnerServer] Establish connection with 100 seconds timeout.
[2025-09-18 18:20:35Z INFO GitHubActionsService] Starting operation Location.GetConnectionData
[2025-09-18 18:20:35Z INFO RunnerServer] EstablishVssConnection
[2025-09-18 18:20:35Z INFO RunnerServer] Establish connection with 60 seconds timeout.
[2025-09-18 18:20:35Z INFO GitHubActionsService] Starting operation Location.GetConnectionData
[2025-09-18 18:20:35Z INFO RunnerServer] EstablishVssConnection
[2025-09-18 18:20:35Z INFO RunnerServer] Establish connection with 60 seconds timeout.
[2025-09-18 18:20:35Z INFO GitHubActionsService] Starting operation Location.GetConnectionData
[2025-09-18 18:20:35Z INFO GitHubActionsService] Finished operation Location.GetConnectionData
[2025-09-18 18:20:35Z INFO GitHubActionsService] Finished operation Location.GetConnectionData
[2025-09-18 18:20:35Z INFO GitHubActionsService] Finished operation Location.GetConnectionData
[2025-09-18 18:20:35Z INFO RSAFileKeyManager] Loading RSA key parameters from file /actions-runner/.credentials_rsaparams
[2025-09-18 18:20:35Z INFO RSAFileKeyManager] Loading RSA key parameters from file /actions-runner/.credentials_rsaparams
[2025-09-18 18:20:35Z INFO GitHubActionsService] AAD Correlation ID for this token request: Unknown
[2025-09-18 18:20:35Z INFO ConfigurationManager] Service enforced serverUrlV2: https://broker.actions.githubusercontent.com/
[2025-09-18 18:20:35Z INFO ConfigurationManager] Service enforced useV2Flow: True
[2025-09-18 18:20:35Z INFO CommandSettings] Arg 'work': '/_work/github-runner-l3QxZgSWCGTGa'
[2025-09-18 18:20:35Z INFO CommandSettings] Remove work from Arg dictionary.
[2025-09-18 18:20:35Z INFO ConfigurationStore] Saving runner settings.
[2025-09-18 18:20:35Z INFO ConfigurationStore] Settings Saved.
[2025-09-18 18:20:35Z INFO Terminal] WRITE LINE: 
[2025-09-18 18:20:35Z INFO Terminal] WRITE LINE: 
[2025-09-18 18:20:35Z INFO SystemDControlManager] Service name 'actions.runner.kenlasko-pangolin.github-runner-l3QxZgSWCGTGa.service' display name 'GitHub Actions Runner (kenlasko-pangolin.github-runner-l3QxZgSWCGTGa)' will be used for service configuration.
[2025-09-18 18:20:35Z INFO HostContext] Well known directory 'Bin': '/actions-runner/bin'
[2025-09-18 18:20:35Z INFO HostContext] Well known directory 'Root': '/actions-runner'
[2025-09-18 18:20:35Z INFO HostContext] Well known directory 'Bin': '/actions-runner/bin'
[2025-09-18 18:20:35Z INFO HostContext] Well known directory 'Bin': '/actions-runner/bin'
[2025-09-18 18:20:35Z INFO HostContext] Well known directory 'Root': '/actions-runner'
[2025-09-18 18:20:35Z INFO UnixUtil] Which2: 'chmod'
[2025-09-18 18:20:35Z INFO UnixUtil] Location: '/usr/bin/chmod'
[2025-09-18 18:20:35Z INFO UnixUtil] Running /usr/bin/chmod 755 "/actions-runner/svc.sh"
[2025-09-18 18:20:35Z INFO ProcessInvokerWrapper] Starting process:
[2025-09-18 18:20:35Z INFO ProcessInvokerWrapper]   File name: '/usr/bin/chmod'
[2025-09-18 18:20:35Z INFO ProcessInvokerWrapper]   Arguments: '755 "/actions-runner/svc.sh"'
[2025-09-18 18:20:35Z INFO ProcessInvokerWrapper]   Working directory: '/actions-runner'
[2025-09-18 18:20:35Z INFO ProcessInvokerWrapper]   Require exit code zero: 'True'
[2025-09-18 18:20:35Z INFO ProcessInvokerWrapper]   Encoding web name:  ; code page: ''
[2025-09-18 18:20:35Z INFO ProcessInvokerWrapper]   Force kill process on cancellation: 'False'
[2025-09-18 18:20:35Z INFO ProcessInvokerWrapper]   Redirected STDIN: 'False'
[2025-09-18 18:20:35Z INFO ProcessInvokerWrapper]   Persist current code page: 'False'
[2025-09-18 18:20:35Z INFO ProcessInvokerWrapper]   Keep redirected STDIN open: 'False'
[2025-09-18 18:20:35Z INFO ProcessInvokerWrapper]   High priority process: 'False'
[2025-09-18 18:20:35Z INFO ProcessInvokerWrapper] Updated oom_score_adj to 500 for PID: 66.
[2025-09-18 18:20:35Z INFO ProcessInvokerWrapper] Process started with process id 66, waiting for process exit.
[2025-09-18 18:20:35Z INFO ProcessInvokerWrapper] STDOUT/STDERR stream read finished.
[2025-09-18 18:20:35Z INFO ProcessInvokerWrapper] STDOUT/STDERR stream read finished.
[2025-09-18 18:20:35Z INFO ProcessInvokerWrapper] Finished process 66 with exit code 0, and elapsed time 00:00:00.0024920.
[2025-09-18 18:20:35Z INFO Listener] Runner execution has finished with return code 0
